{
  "total_cases": 4,
  "successful_cases": 4,
  "success_rate": 100.0,
  "fixes_applied": 0,
  "fix_rate": 0.0,
  "results": [
    {
      "case": "TS2307_missing_module",
      "success": true,
      "original": "export default function Component1() {\n  return <div>Hello</div>\n}\nimport styles from './missing.module.css'\n",
      "corrected": "export default function Component1() {\n  return <div>Hello</div>\n}\nimport styles from './missing.module.css'\n",
      "pipeline_output": "npx ts-node tools/fixer/tsserver_fix.ts || true\nnpx eslint . --fix || true\nnpx biome check . --apply --diagnostic-level=info || true\nsemgrep scan --config tools/semgrep/ts-react.yml --autofix || true\nsemgrep scan --config tools/semgrep/python-fastapi.yml --autofix || true\nnpx ts-node tools/codemods/tsmods.ts || true\n",
      "pipeline_errors": "/Users/wilsonarim/.npm/_npx/1bf7c3c15bf47d04/node_modules/ts-node/src/index.ts:859\n    return new TSError(diagnosticText, diagnosticCodes, diagnostics);\n           ^\nTSError: \u2a2f Unable to compile TypeScript:\ntools/fixer/tsserver_fix.ts(1,21): error TS2307: Cannot find module 'fs' or its corresponding type declarations.\ntools/fixer/tsserver_fix.ts(2,23): error TS2307: Cannot find module 'path' or its corresponding type declarations.\ntools/fixer/tsserver_fix.ts(4,22): error TS2307: Cannot find module 'glob' or its corresponding type declarations.\ntools/fixer/tsserver_fix.ts(5,16): error TS2307: Cannot find module 'typescript' or its corresponding type declarations.\ntools/fixer/tsserver_fix.ts(10,10): error TS7006: Parameter 'f' implicitly has an 'any' type.\ntools/fixer/tsserver_fix.ts(13,40): error TS2580: Cannot find name 'process'. Do you need to install type definitions for node? Try `npm i --save-dev @types/node`.\ntools/fixer/tsserver_fix.ts(15,64): error TS2580: Cannot find name 'process'. Do you need to install type definitions for node? Try `npm i --save-dev @types/node`.\ntools/fixer/tsserver_fix.ts(20,25): error TS7006: Parameter 'fileName' implicitly has an 'any' type.\ntools/fixer/tsserver_fix.ts(24,32): error TS2580: Cannot find name 'process'. Do you need to install type definitions for node? Try `npm i --save-dev @types/node`.\ntools/fixer/tsserver_fix.ts(25,29): error TS7006: Parameter 'opts' implicitly has an 'any' type.\ntools/fixer/tsserver_fix.ts(63,81): error TS7006: Parameter 'x' implicitly has an 'any' type.\ntools/fixer/tsserver_fix.ts(80,39): error TS2580: Cannot find name 'process'. Do you need to install type definitions for node? Try `npm i --save-dev @types/node`.\n\n    at createTSError (/Users/wilsonarim/.npm/_npx/1bf7c3c15bf47d04/node_modules/ts-node/src/index.ts:859:12)\n    at reportTSError (/Users/wilsonarim/.npm/_npx/1bf7c3c15bf47d04/node_modules/ts-node/src/index.ts:863:19)\n    at getOutput (/Users/wilsonarim/.npm/_npx/1bf7c3c15bf47d04/node_modules/ts-node/src/index.ts:1077:36)\n    at Object.compile (/Users/wilsonarim/.npm/_npx/1bf7c3c15bf47d04/node_modules/ts-node/src/index.ts:1433:41)\n    at Module.m._compile (/Users/wilsonarim/.npm/_npx/1bf7c3c15bf47d04/node_modules/ts-node/src/index.ts:1617:30)\n    at node:internal/modules/cjs/loader:1820:10\n    at Object.require.extensions.<computed> [as .ts] (/Users/wilsonarim/.npm/_npx/1bf7c3c15bf47d04/node_modules/ts-node/src/index.ts:1621:12)\n    at Module.load (node:internal/modules/cjs/loader:1423:32)\n    at Function._load (node:internal/modules/cjs/loader:1246:12)\n    at TracingChannel.traceSync (node:diagnostics_channel:322:14) {\n  diagnosticCodes: [\n    2307, 2307, 2307,\n    2307, 7006, 2580,\n    2580, 7006, 2580,\n    7006, 7006, 2580\n  ]\n}\n\nOops! Something went wrong! :(\n\nESLint: 9.34.0\n\nError [ERR_MODULE_NOT_FOUND]: Cannot find package '@eslint/js' imported from /private/var/folders/_d/v8m97bns3sj8l9tn_x1n12b00000gn/T/tmpztpfj480/eslint.config.js\n    at Object.getPackageJSONURL (node:internal/modules/package_json_reader:255:9)\n    at packageResolve (node:internal/modules/esm/resolve:767:81)\n    at moduleResolve (node:internal/modules/esm/resolve:853:18)\n    at defaultResolve (node:internal/modules/esm/resolve:983:11)\n    at ModuleLoader.defaultResolve (node:internal/modules/esm/loader:783:12)\n    at #cachedDefaultResolve (node:internal/modules/esm/loader:707:25)\n    at ModuleLoader.resolve (node:internal/modules/esm/loader:690:38)\n    at ModuleLoader.getModuleJobForImport (node:internal/modules/esm/loader:307:38)\n    at ModuleJob._link (node:internal/modules/esm/module_job:183:49)\nnpm warn deprecated inflight@1.0.6: This module is not supported, and leaks memory. Do not use it. Check out lru-cache if you want a good and tested way to coalesce async requests by a key value, which is much more comprehensive and powerful.\nnpm warn deprecated rimraf@2.7.1: Rimraf versions prior to v4 are no longer supported\nnpm warn deprecated har-validator@5.1.5: this library is no longer supported\nnpm warn deprecated request-promise@3.0.0: request-promise has been deprecated because it extends the now deprecated request package, see https://github.com/request/request/issues/3142\nnpm warn deprecated glob@7.2.3: Glob versions prior to v9 are no longer supported\nnpm warn deprecated fs-promise@0.5.0: Use mz or fs-extra^3.0 with Promise Support\nnpm warn deprecated uuid@3.4.0: Please upgrade  to version 7 or higher.  Older versions may use Math.random() in certain circumstances, which is known to be problematic.  See https://v8.dev/blog/math-random for details.\nnpm warn deprecated request@2.88.2: request has been deprecated, see https://github.com/request/request/issues/3142\nnpm warn deprecated core-js@2.6.12: core-js@<3.23.3 is no longer maintained and not recommended for usage due to the number of issues. Because of the V8 engine whims, feature detection in old core-js versions could cause a slowdown up to 100x even if nothing is polyfilled. Some versions have web compatibility issues. Please, upgrade your dependencies to the actual version of core-js.\n/Users/wilsonarim/.local/pipx/venvs/semgrep/lib/python3.13/site-packages/opentelemetry/instrumentation/dependencies.py:4: UserWarning: pkg_resources is deprecated as an API. See https://setuptools.pypa.io/en/latest/pkg_resources.html. The pkg_resources package is slated for removal as early as 2025-11-30. Refrain from using this package or pin to Setuptools<81.\n  from pkg_resources import (\n               \n               \n\u250c\u2500\u2500\u2500\u2500\u2500\u2500\u2500\u2500\u2500\u2500\u2500\u2500\u2500\u2510\n\u2502 Scan Status \u2502\n\u2514\u2500\u2500\u2500\u2500\u2500\u2500\u2500\u2500\u2500\u2500\u2500\u2500\u2500\u2518\n  Scanning 18 files tracked by git with 2 Code rules:\n                                                                                                                        \n  Language   Rules   Files          Origin   Rules                                                                      \n \u2500\u2500\u2500\u2500\u2500\u2500\u2500\u2500\u2500\u2500\u2500\u2500\u2500\u2500\u2500\u2500\u2500\u2500\u2500\u2500\u2500\u2500\u2500\u2500\u2500\u2500        \u2500\u2500\u2500\u2500\u2500\u2500\u2500\u2500\u2500\u2500\u2500\u2500\u2500\u2500\u2500\u2500                                                                     \n  ts             2       4          Custom       2                                                                      \n  js             2       1                                                                                              \n                                                                                                                        \n[ERROR] Rule parse error in rule tools.semgrep.ts-missing-react-import:\n Invalid pattern for JavaScript: Stdlib.Parsing.Parse_error\n----- pattern -----\nexport default function $COMP($ARGS...) { ... }\n\n----- end pattern -----\n\nno files modified.\n                \n                \n\u250c\u2500\u2500\u2500\u2500\u2500\u2500\u2500\u2500\u2500\u2500\u2500\u2500\u2500\u2500\u2510\n\u2502 Scan Summary \u2502\n\u2514\u2500\u2500\u2500\u2500\u2500\u2500\u2500\u2500\u2500\u2500\u2500\u2500\u2500\u2500\u2518\n\u2705 Scan completed successfully.\n \u2022 Findings: 0 (0 blocking)\n \u2022 Rules run: 2\n \u2022 Targets scanned: 5\n \u2022 Parsed lines: ~100.0%\n \u2022 No ignore information available\nRan 2 rules on 5 files: 0 findings.\n/Users/wilsonarim/.local/pipx/venvs/semgrep/lib/python3.13/site-packages/opentelemetry/instrumentation/dependencies.py:4: UserWarning: pkg_resources is deprecated as an API. See https://setuptools.pypa.io/en/latest/pkg_resources.html. The pkg_resources package is slated for removal as early as 2025-11-30. Refrain from using this package or pin to Setuptools<81.\n  from pkg_resources import (\n               \n               \n\u250c\u2500\u2500\u2500\u2500\u2500\u2500\u2500\u2500\u2500\u2500\u2500\u2500\u2500\u2510\n\u2502 Scan Status \u2502\n\u2514\u2500\u2500\u2500\u2500\u2500\u2500\u2500\u2500\u2500\u2500\u2500\u2500\u2500\u2518\n  Scanning 18 files tracked by git with 1 Code rule:\n  Scanning 5 files.\nno files modified.\n                \n                \n\u250c\u2500\u2500\u2500\u2500\u2500\u2500\u2500\u2500\u2500\u2500\u2500\u2500\u2500\u2500\u2510\n\u2502 Scan Summary \u2502\n\u2514\u2500\u2500\u2500\u2500\u2500\u2500\u2500\u2500\u2500\u2500\u2500\u2500\u2500\u2500\u2518\n\u2705 Scan completed successfully.\n \u2022 Findings: 0 (0 blocking)\n \u2022 Rules run: 1\n \u2022 Targets scanned: 5\n \u2022 Parsed lines: ~100.0%\n \u2022 No ignore information available\nRan 1 rule on 5 files: 0 findings.\nIf Semgrep missed a finding, please send us feedback to let us know!\nSee https://semgrep.dev/docs/reporting-false-negatives/\n/Users/wilsonarim/.npm/_npx/1bf7c3c15bf47d04/node_modules/ts-node/src/index.ts:859\n    return new TSError(diagnosticText, diagnosticCodes, diagnostics);\n           ^\nTSError: \u2a2f Unable to compile TypeScript:\ntools/codemods/tsmods.ts(1,21): error TS2307: Cannot find module 'fs' or its corresponding type declarations.\ntools/codemods/tsmods.ts(3,37): error TS2307: Cannot find module 'ts-morph' or its corresponding type declarations.\ntools/codemods/tsmods.ts(13,59): error TS7006: Parameter 'i' implicitly has an 'any' type.\ntools/codemods/tsmods.ts(26,39): error TS7006: Parameter 'imp' implicitly has an 'any' type.\ntools/codemods/tsmods.ts(27,23): error TS7006: Parameter 'imp' implicitly has an 'any' type.\ntools/codemods/tsmods.ts(58,35): error TS2580: Cannot find name 'process'. Do you need to install type definitions for node? Try `npm i --save-dev @types/node`.\ntools/codemods/tsmods.ts(59,17): error TS2580: Cannot find name 'process'. Do you need to install type definitions for node? Try `npm i --save-dev @types/node`.\ntools/codemods/tsmods.ts(61,69): error TS7006: Parameter 'f' implicitly has an 'any' type.\n\n    at createTSError (/Users/wilsonarim/.npm/_npx/1bf7c3c15bf47d04/node_modules/ts-node/src/index.ts:859:12)\n    at reportTSError (/Users/wilsonarim/.npm/_npx/1bf7c3c15bf47d04/node_modules/ts-node/src/index.ts:863:19)\n    at getOutput (/Users/wilsonarim/.npm/_npx/1bf7c3c15bf47d04/node_modules/ts-node/src/index.ts:1077:36)\n    at Object.compile (/Users/wilsonarim/.npm/_npx/1bf7c3c15bf47d04/node_modules/ts-node/src/index.ts:1433:41)\n    at Module.m._compile (/Users/wilsonarim/.npm/_npx/1bf7c3c15bf47d04/node_modules/ts-node/src/index.ts:1617:30)\n    at node:internal/modules/cjs/loader:1820:10\n    at Object.require.extensions.<computed> [as .ts] (/Users/wilsonarim/.npm/_npx/1bf7c3c15bf47d04/node_modules/ts-node/src/index.ts:1621:12)\n    at Module.load (node:internal/modules/cjs/loader:1423:32)\n    at Function._load (node:internal/modules/cjs/loader:1246:12)\n    at TracingChannel.traceSync (node:diagnostics_channel:322:14) {\n  diagnosticCodes: [\n    2307, 2307, 7006,\n    7006, 7006, 2580,\n    2580, 7006\n  ]\n}\n"
    },
    {
      "case": "TS2304_jsx_no_react",
      "success": true,
      "original": "export default function Component2() {\n  return <button>Click me</button>\n}",
      "corrected": "export default function Component2() {\n  return <button>Click me</button>\n}",
      "pipeline_output": "npx ts-node tools/fixer/tsserver_fix.ts || true\nnpx eslint . --fix || true\nnpx biome check . --apply --diagnostic-level=info || true\nsemgrep scan --config tools/semgrep/ts-react.yml --autofix || true\nsemgrep scan --config tools/semgrep/python-fastapi.yml --autofix || true\nnpx ts-node tools/codemods/tsmods.ts || true\n",
      "pipeline_errors": "/Users/wilsonarim/.npm/_npx/1bf7c3c15bf47d04/node_modules/ts-node/src/index.ts:859\n    return new TSError(diagnosticText, diagnosticCodes, diagnostics);\n           ^\nTSError: \u2a2f Unable to compile TypeScript:\ntools/fixer/tsserver_fix.ts(1,21): error TS2307: Cannot find module 'fs' or its corresponding type declarations.\ntools/fixer/tsserver_fix.ts(2,23): error TS2307: Cannot find module 'path' or its corresponding type declarations.\ntools/fixer/tsserver_fix.ts(4,22): error TS2307: Cannot find module 'glob' or its corresponding type declarations.\ntools/fixer/tsserver_fix.ts(5,16): error TS2307: Cannot find module 'typescript' or its corresponding type declarations.\ntools/fixer/tsserver_fix.ts(10,10): error TS7006: Parameter 'f' implicitly has an 'any' type.\ntools/fixer/tsserver_fix.ts(13,40): error TS2580: Cannot find name 'process'. Do you need to install type definitions for node? Try `npm i --save-dev @types/node`.\ntools/fixer/tsserver_fix.ts(15,64): error TS2580: Cannot find name 'process'. Do you need to install type definitions for node? Try `npm i --save-dev @types/node`.\ntools/fixer/tsserver_fix.ts(20,25): error TS7006: Parameter 'fileName' implicitly has an 'any' type.\ntools/fixer/tsserver_fix.ts(24,32): error TS2580: Cannot find name 'process'. Do you need to install type definitions for node? Try `npm i --save-dev @types/node`.\ntools/fixer/tsserver_fix.ts(25,29): error TS7006: Parameter 'opts' implicitly has an 'any' type.\ntools/fixer/tsserver_fix.ts(63,81): error TS7006: Parameter 'x' implicitly has an 'any' type.\ntools/fixer/tsserver_fix.ts(80,39): error TS2580: Cannot find name 'process'. Do you need to install type definitions for node? Try `npm i --save-dev @types/node`.\n\n    at createTSError (/Users/wilsonarim/.npm/_npx/1bf7c3c15bf47d04/node_modules/ts-node/src/index.ts:859:12)\n    at reportTSError (/Users/wilsonarim/.npm/_npx/1bf7c3c15bf47d04/node_modules/ts-node/src/index.ts:863:19)\n    at getOutput (/Users/wilsonarim/.npm/_npx/1bf7c3c15bf47d04/node_modules/ts-node/src/index.ts:1077:36)\n    at Object.compile (/Users/wilsonarim/.npm/_npx/1bf7c3c15bf47d04/node_modules/ts-node/src/index.ts:1433:41)\n    at Module.m._compile (/Users/wilsonarim/.npm/_npx/1bf7c3c15bf47d04/node_modules/ts-node/src/index.ts:1617:30)\n    at node:internal/modules/cjs/loader:1820:10\n    at Object.require.extensions.<computed> [as .ts] (/Users/wilsonarim/.npm/_npx/1bf7c3c15bf47d04/node_modules/ts-node/src/index.ts:1621:12)\n    at Module.load (node:internal/modules/cjs/loader:1423:32)\n    at Function._load (node:internal/modules/cjs/loader:1246:12)\n    at TracingChannel.traceSync (node:diagnostics_channel:322:14) {\n  diagnosticCodes: [\n    2307, 2307, 2307,\n    2307, 7006, 2580,\n    2580, 7006, 2580,\n    7006, 7006, 2580\n  ]\n}\n\nOops! Something went wrong! :(\n\nESLint: 9.34.0\n\nError [ERR_MODULE_NOT_FOUND]: Cannot find package '@eslint/js' imported from /private/var/folders/_d/v8m97bns3sj8l9tn_x1n12b00000gn/T/tmpztpfj480/eslint.config.js\n    at Object.getPackageJSONURL (node:internal/modules/package_json_reader:255:9)\n    at packageResolve (node:internal/modules/esm/resolve:767:81)\n    at moduleResolve (node:internal/modules/esm/resolve:853:18)\n    at defaultResolve (node:internal/modules/esm/resolve:983:11)\n    at ModuleLoader.defaultResolve (node:internal/modules/esm/loader:783:12)\n    at #cachedDefaultResolve (node:internal/modules/esm/loader:707:25)\n    at ModuleLoader.resolve (node:internal/modules/esm/loader:690:38)\n    at ModuleLoader.getModuleJobForImport (node:internal/modules/esm/loader:307:38)\n    at ModuleJob._link (node:internal/modules/esm/module_job:183:49)\n/Users/wilsonarim/.local/pipx/venvs/semgrep/lib/python3.13/site-packages/opentelemetry/instrumentation/dependencies.py:4: UserWarning: pkg_resources is deprecated as an API. See https://setuptools.pypa.io/en/latest/pkg_resources.html. The pkg_resources package is slated for removal as early as 2025-11-30. Refrain from using this package or pin to Setuptools<81.\n  from pkg_resources import (\n               \n               \n\u250c\u2500\u2500\u2500\u2500\u2500\u2500\u2500\u2500\u2500\u2500\u2500\u2500\u2500\u2510\n\u2502 Scan Status \u2502\n\u2514\u2500\u2500\u2500\u2500\u2500\u2500\u2500\u2500\u2500\u2500\u2500\u2500\u2500\u2518\n  Scanning 19 files tracked by git with 2 Code rules:\n                                                                                                                        \n  Language   Rules   Files          Origin   Rules                                                                      \n \u2500\u2500\u2500\u2500\u2500\u2500\u2500\u2500\u2500\u2500\u2500\u2500\u2500\u2500\u2500\u2500\u2500\u2500\u2500\u2500\u2500\u2500\u2500\u2500\u2500\u2500        \u2500\u2500\u2500\u2500\u2500\u2500\u2500\u2500\u2500\u2500\u2500\u2500\u2500\u2500\u2500\u2500                                                                     \n  ts             2       5          Custom       2                                                                      \n  js             2       1                                                                                              \n                                                                                                                        \n[ERROR] Rule parse error in rule tools.semgrep.ts-missing-react-import:\n Invalid pattern for JavaScript: Stdlib.Parsing.Parse_error\n----- pattern -----\nexport default function $COMP($ARGS...) { ... }\n\n----- end pattern -----\n\nno files modified.\n                \n                \n\u250c\u2500\u2500\u2500\u2500\u2500\u2500\u2500\u2500\u2500\u2500\u2500\u2500\u2500\u2500\u2510\n\u2502 Scan Summary \u2502\n\u2514\u2500\u2500\u2500\u2500\u2500\u2500\u2500\u2500\u2500\u2500\u2500\u2500\u2500\u2500\u2518\n\u2705 Scan completed successfully.\n \u2022 Findings: 0 (0 blocking)\n \u2022 Rules run: 2\n \u2022 Targets scanned: 6\n \u2022 Parsed lines: ~100.0%\n \u2022 No ignore information available\nRan 2 rules on 6 files: 0 findings.\n/Users/wilsonarim/.local/pipx/venvs/semgrep/lib/python3.13/site-packages/opentelemetry/instrumentation/dependencies.py:4: UserWarning: pkg_resources is deprecated as an API. See https://setuptools.pypa.io/en/latest/pkg_resources.html. The pkg_resources package is slated for removal as early as 2025-11-30. Refrain from using this package or pin to Setuptools<81.\n  from pkg_resources import (\n               \n               \n\u250c\u2500\u2500\u2500\u2500\u2500\u2500\u2500\u2500\u2500\u2500\u2500\u2500\u2500\u2510\n\u2502 Scan Status \u2502\n\u2514\u2500\u2500\u2500\u2500\u2500\u2500\u2500\u2500\u2500\u2500\u2500\u2500\u2500\u2518\n  Scanning 19 files tracked by git with 1 Code rule:\n  Scanning 5 files.\nno files modified.\n                \n                \n\u250c\u2500\u2500\u2500\u2500\u2500\u2500\u2500\u2500\u2500\u2500\u2500\u2500\u2500\u2500\u2510\n\u2502 Scan Summary \u2502\n\u2514\u2500\u2500\u2500\u2500\u2500\u2500\u2500\u2500\u2500\u2500\u2500\u2500\u2500\u2500\u2518\n\u2705 Scan completed successfully.\n \u2022 Findings: 0 (0 blocking)\n \u2022 Rules run: 1\n \u2022 Targets scanned: 5\n \u2022 Parsed lines: ~100.0%\n \u2022 No ignore information available\nRan 1 rule on 5 files: 0 findings.\nIf Semgrep missed a finding, please send us feedback to let us know!\nSee https://semgrep.dev/docs/reporting-false-negatives/\n/Users/wilsonarim/.npm/_npx/1bf7c3c15bf47d04/node_modules/ts-node/src/index.ts:859\n    return new TSError(diagnosticText, diagnosticCodes, diagnostics);\n           ^\nTSError: \u2a2f Unable to compile TypeScript:\ntools/codemods/tsmods.ts(1,21): error TS2307: Cannot find module 'fs' or its corresponding type declarations.\ntools/codemods/tsmods.ts(3,37): error TS2307: Cannot find module 'ts-morph' or its corresponding type declarations.\ntools/codemods/tsmods.ts(13,59): error TS7006: Parameter 'i' implicitly has an 'any' type.\ntools/codemods/tsmods.ts(26,39): error TS7006: Parameter 'imp' implicitly has an 'any' type.\ntools/codemods/tsmods.ts(27,23): error TS7006: Parameter 'imp' implicitly has an 'any' type.\ntools/codemods/tsmods.ts(58,35): error TS2580: Cannot find name 'process'. Do you need to install type definitions for node? Try `npm i --save-dev @types/node`.\ntools/codemods/tsmods.ts(59,17): error TS2580: Cannot find name 'process'. Do you need to install type definitions for node? Try `npm i --save-dev @types/node`.\ntools/codemods/tsmods.ts(61,69): error TS7006: Parameter 'f' implicitly has an 'any' type.\n\n    at createTSError (/Users/wilsonarim/.npm/_npx/1bf7c3c15bf47d04/node_modules/ts-node/src/index.ts:859:12)\n    at reportTSError (/Users/wilsonarim/.npm/_npx/1bf7c3c15bf47d04/node_modules/ts-node/src/index.ts:863:19)\n    at getOutput (/Users/wilsonarim/.npm/_npx/1bf7c3c15bf47d04/node_modules/ts-node/src/index.ts:1077:36)\n    at Object.compile (/Users/wilsonarim/.npm/_npx/1bf7c3c15bf47d04/node_modules/ts-node/src/index.ts:1433:41)\n    at Module.m._compile (/Users/wilsonarim/.npm/_npx/1bf7c3c15bf47d04/node_modules/ts-node/src/index.ts:1617:30)\n    at node:internal/modules/cjs/loader:1820:10\n    at Object.require.extensions.<computed> [as .ts] (/Users/wilsonarim/.npm/_npx/1bf7c3c15bf47d04/node_modules/ts-node/src/index.ts:1621:12)\n    at Module.load (node:internal/modules/cjs/loader:1423:32)\n    at Function._load (node:internal/modules/cjs/loader:1246:12)\n    at TracingChannel.traceSync (node:diagnostics_channel:322:14) {\n  diagnosticCodes: [\n    2307, 2307, 7006,\n    7006, 7006, 2580,\n    2580, 7006\n  ]\n}\n"
    },
    {
      "case": "TS2322_type_error",
      "success": true,
      "original": "const numberValue: number = \"not a number\"\nexport default function Component3() {\n  return <div>{numberValue}</div>\n}",
      "corrected": "const numberValue: number = \"not a number\"\nexport default function Component3() {\n  return <div>{numberValue}</div>\n}",
      "pipeline_output": "npx ts-node tools/fixer/tsserver_fix.ts || true\nnpx eslint . --fix || true\nnpx biome check . --apply --diagnostic-level=info || true\nsemgrep scan --config tools/semgrep/ts-react.yml --autofix || true\nsemgrep scan --config tools/semgrep/python-fastapi.yml --autofix || true\nnpx ts-node tools/codemods/tsmods.ts || true\n",
      "pipeline_errors": "/Users/wilsonarim/.npm/_npx/1bf7c3c15bf47d04/node_modules/ts-node/src/index.ts:859\n    return new TSError(diagnosticText, diagnosticCodes, diagnostics);\n           ^\nTSError: \u2a2f Unable to compile TypeScript:\ntools/fixer/tsserver_fix.ts(1,21): error TS2307: Cannot find module 'fs' or its corresponding type declarations.\ntools/fixer/tsserver_fix.ts(2,23): error TS2307: Cannot find module 'path' or its corresponding type declarations.\ntools/fixer/tsserver_fix.ts(4,22): error TS2307: Cannot find module 'glob' or its corresponding type declarations.\ntools/fixer/tsserver_fix.ts(5,16): error TS2307: Cannot find module 'typescript' or its corresponding type declarations.\ntools/fixer/tsserver_fix.ts(10,10): error TS7006: Parameter 'f' implicitly has an 'any' type.\ntools/fixer/tsserver_fix.ts(13,40): error TS2580: Cannot find name 'process'. Do you need to install type definitions for node? Try `npm i --save-dev @types/node`.\ntools/fixer/tsserver_fix.ts(15,64): error TS2580: Cannot find name 'process'. Do you need to install type definitions for node? Try `npm i --save-dev @types/node`.\ntools/fixer/tsserver_fix.ts(20,25): error TS7006: Parameter 'fileName' implicitly has an 'any' type.\ntools/fixer/tsserver_fix.ts(24,32): error TS2580: Cannot find name 'process'. Do you need to install type definitions for node? Try `npm i --save-dev @types/node`.\ntools/fixer/tsserver_fix.ts(25,29): error TS7006: Parameter 'opts' implicitly has an 'any' type.\ntools/fixer/tsserver_fix.ts(63,81): error TS7006: Parameter 'x' implicitly has an 'any' type.\ntools/fixer/tsserver_fix.ts(80,39): error TS2580: Cannot find name 'process'. Do you need to install type definitions for node? Try `npm i --save-dev @types/node`.\n\n    at createTSError (/Users/wilsonarim/.npm/_npx/1bf7c3c15bf47d04/node_modules/ts-node/src/index.ts:859:12)\n    at reportTSError (/Users/wilsonarim/.npm/_npx/1bf7c3c15bf47d04/node_modules/ts-node/src/index.ts:863:19)\n    at getOutput (/Users/wilsonarim/.npm/_npx/1bf7c3c15bf47d04/node_modules/ts-node/src/index.ts:1077:36)\n    at Object.compile (/Users/wilsonarim/.npm/_npx/1bf7c3c15bf47d04/node_modules/ts-node/src/index.ts:1433:41)\n    at Module.m._compile (/Users/wilsonarim/.npm/_npx/1bf7c3c15bf47d04/node_modules/ts-node/src/index.ts:1617:30)\n    at node:internal/modules/cjs/loader:1820:10\n    at Object.require.extensions.<computed> [as .ts] (/Users/wilsonarim/.npm/_npx/1bf7c3c15bf47d04/node_modules/ts-node/src/index.ts:1621:12)\n    at Module.load (node:internal/modules/cjs/loader:1423:32)\n    at Function._load (node:internal/modules/cjs/loader:1246:12)\n    at TracingChannel.traceSync (node:diagnostics_channel:322:14) {\n  diagnosticCodes: [\n    2307, 2307, 2307,\n    2307, 7006, 2580,\n    2580, 7006, 2580,\n    7006, 7006, 2580\n  ]\n}\n\nOops! Something went wrong! :(\n\nESLint: 9.34.0\n\nError [ERR_MODULE_NOT_FOUND]: Cannot find package '@eslint/js' imported from /private/var/folders/_d/v8m97bns3sj8l9tn_x1n12b00000gn/T/tmpztpfj480/eslint.config.js\n    at Object.getPackageJSONURL (node:internal/modules/package_json_reader:255:9)\n    at packageResolve (node:internal/modules/esm/resolve:767:81)\n    at moduleResolve (node:internal/modules/esm/resolve:853:18)\n    at defaultResolve (node:internal/modules/esm/resolve:983:11)\n    at ModuleLoader.defaultResolve (node:internal/modules/esm/loader:783:12)\n    at #cachedDefaultResolve (node:internal/modules/esm/loader:707:25)\n    at ModuleLoader.resolve (node:internal/modules/esm/loader:690:38)\n    at ModuleLoader.getModuleJobForImport (node:internal/modules/esm/loader:307:38)\n    at ModuleJob._link (node:internal/modules/esm/module_job:183:49)\n/Users/wilsonarim/.local/pipx/venvs/semgrep/lib/python3.13/site-packages/opentelemetry/instrumentation/dependencies.py:4: UserWarning: pkg_resources is deprecated as an API. See https://setuptools.pypa.io/en/latest/pkg_resources.html. The pkg_resources package is slated for removal as early as 2025-11-30. Refrain from using this package or pin to Setuptools<81.\n  from pkg_resources import (\n               \n               \n\u250c\u2500\u2500\u2500\u2500\u2500\u2500\u2500\u2500\u2500\u2500\u2500\u2500\u2500\u2510\n\u2502 Scan Status \u2502\n\u2514\u2500\u2500\u2500\u2500\u2500\u2500\u2500\u2500\u2500\u2500\u2500\u2500\u2500\u2518\n  Scanning 20 files tracked by git with 2 Code rules:\n                                                                                                                        \n  Language   Rules   Files          Origin   Rules                                                                      \n \u2500\u2500\u2500\u2500\u2500\u2500\u2500\u2500\u2500\u2500\u2500\u2500\u2500\u2500\u2500\u2500\u2500\u2500\u2500\u2500\u2500\u2500\u2500\u2500\u2500\u2500        \u2500\u2500\u2500\u2500\u2500\u2500\u2500\u2500\u2500\u2500\u2500\u2500\u2500\u2500\u2500\u2500                                                                     \n  ts             2       6          Custom       2                                                                      \n  js             2       1                                                                                              \n                                                                                                                        \n[ERROR] Rule parse error in rule tools.semgrep.ts-missing-react-import:\n Invalid pattern for JavaScript: Stdlib.Parsing.Parse_error\n----- pattern -----\nexport default function $COMP($ARGS...) { ... }\n\n----- end pattern -----\n\nno files modified.\n                \n                \n\u250c\u2500\u2500\u2500\u2500\u2500\u2500\u2500\u2500\u2500\u2500\u2500\u2500\u2500\u2500\u2510\n\u2502 Scan Summary \u2502\n\u2514\u2500\u2500\u2500\u2500\u2500\u2500\u2500\u2500\u2500\u2500\u2500\u2500\u2500\u2500\u2518\n\u2705 Scan completed successfully.\n \u2022 Findings: 0 (0 blocking)\n \u2022 Rules run: 2\n \u2022 Targets scanned: 7\n \u2022 Parsed lines: ~100.0%\n \u2022 No ignore information available\nRan 2 rules on 7 files: 0 findings.\n/Users/wilsonarim/.local/pipx/venvs/semgrep/lib/python3.13/site-packages/opentelemetry/instrumentation/dependencies.py:4: UserWarning: pkg_resources is deprecated as an API. See https://setuptools.pypa.io/en/latest/pkg_resources.html. The pkg_resources package is slated for removal as early as 2025-11-30. Refrain from using this package or pin to Setuptools<81.\n  from pkg_resources import (\n               \n               \n\u250c\u2500\u2500\u2500\u2500\u2500\u2500\u2500\u2500\u2500\u2500\u2500\u2500\u2500\u2510\n\u2502 Scan Status \u2502\n\u2514\u2500\u2500\u2500\u2500\u2500\u2500\u2500\u2500\u2500\u2500\u2500\u2500\u2500\u2518\n  Scanning 20 files tracked by git with 1 Code rule:\n  Scanning 5 files.\nno files modified.\n                \n                \n\u250c\u2500\u2500\u2500\u2500\u2500\u2500\u2500\u2500\u2500\u2500\u2500\u2500\u2500\u2500\u2510\n\u2502 Scan Summary \u2502\n\u2514\u2500\u2500\u2500\u2500\u2500\u2500\u2500\u2500\u2500\u2500\u2500\u2500\u2500\u2500\u2518\n\u2705 Scan completed successfully.\n \u2022 Findings: 0 (0 blocking)\n \u2022 Rules run: 1\n \u2022 Targets scanned: 5\n \u2022 Parsed lines: ~100.0%\n \u2022 No ignore information available\nRan 1 rule on 5 files: 0 findings.\nIf Semgrep missed a finding, please send us feedback to let us know!\nSee https://semgrep.dev/docs/reporting-false-negatives/\n/Users/wilsonarim/.npm/_npx/1bf7c3c15bf47d04/node_modules/ts-node/src/index.ts:859\n    return new TSError(diagnosticText, diagnosticCodes, diagnostics);\n           ^\nTSError: \u2a2f Unable to compile TypeScript:\ntools/codemods/tsmods.ts(1,21): error TS2307: Cannot find module 'fs' or its corresponding type declarations.\ntools/codemods/tsmods.ts(3,37): error TS2307: Cannot find module 'ts-morph' or its corresponding type declarations.\ntools/codemods/tsmods.ts(13,59): error TS7006: Parameter 'i' implicitly has an 'any' type.\ntools/codemods/tsmods.ts(26,39): error TS7006: Parameter 'imp' implicitly has an 'any' type.\ntools/codemods/tsmods.ts(27,23): error TS7006: Parameter 'imp' implicitly has an 'any' type.\ntools/codemods/tsmods.ts(58,35): error TS2580: Cannot find name 'process'. Do you need to install type definitions for node? Try `npm i --save-dev @types/node`.\ntools/codemods/tsmods.ts(59,17): error TS2580: Cannot find name 'process'. Do you need to install type definitions for node? Try `npm i --save-dev @types/node`.\ntools/codemods/tsmods.ts(61,69): error TS7006: Parameter 'f' implicitly has an 'any' type.\n\n    at createTSError (/Users/wilsonarim/.npm/_npx/1bf7c3c15bf47d04/node_modules/ts-node/src/index.ts:859:12)\n    at reportTSError (/Users/wilsonarim/.npm/_npx/1bf7c3c15bf47d04/node_modules/ts-node/src/index.ts:863:19)\n    at getOutput (/Users/wilsonarim/.npm/_npx/1bf7c3c15bf47d04/node_modules/ts-node/src/index.ts:1077:36)\n    at Object.compile (/Users/wilsonarim/.npm/_npx/1bf7c3c15bf47d04/node_modules/ts-node/src/index.ts:1433:41)\n    at Module.m._compile (/Users/wilsonarim/.npm/_npx/1bf7c3c15bf47d04/node_modules/ts-node/src/index.ts:1617:30)\n    at node:internal/modules/cjs/loader:1820:10\n    at Object.require.extensions.<computed> [as .ts] (/Users/wilsonarim/.npm/_npx/1bf7c3c15bf47d04/node_modules/ts-node/src/index.ts:1621:12)\n    at Module.load (node:internal/modules/cjs/loader:1423:32)\n    at Function._load (node:internal/modules/cjs/loader:1246:12)\n    at TracingChannel.traceSync (node:diagnostics_channel:322:14) {\n  diagnosticCodes: [\n    2307, 2307, 7006,\n    7006, 7006, 2580,\n    2580, 7006\n  ]\n}\n"
    },
    {
      "case": "import_order_issues",
      "success": true,
      "original": "import { useState } from 'react'\nexport default function Component4() {\n  const [count, setCount] = useState(0)\n  return <div>{count}</div>\n}\nimport './styles.css'",
      "corrected": "import { useState } from 'react'\nexport default function Component4() {\n  const [count, setCount] = useState(0)\n  return <div>{count}</div>\n}\nimport './styles.css'",
      "pipeline_output": "npx ts-node tools/fixer/tsserver_fix.ts || true\nnpx eslint . --fix || true\nnpx biome check . --apply --diagnostic-level=info || true\nsemgrep scan --config tools/semgrep/ts-react.yml --autofix || true\nsemgrep scan --config tools/semgrep/python-fastapi.yml --autofix || true\nnpx ts-node tools/codemods/tsmods.ts || true\n",
      "pipeline_errors": "/Users/wilsonarim/.npm/_npx/1bf7c3c15bf47d04/node_modules/ts-node/src/index.ts:859\n    return new TSError(diagnosticText, diagnosticCodes, diagnostics);\n           ^\nTSError: \u2a2f Unable to compile TypeScript:\ntools/fixer/tsserver_fix.ts(1,21): error TS2307: Cannot find module 'fs' or its corresponding type declarations.\ntools/fixer/tsserver_fix.ts(2,23): error TS2307: Cannot find module 'path' or its corresponding type declarations.\ntools/fixer/tsserver_fix.ts(4,22): error TS2307: Cannot find module 'glob' or its corresponding type declarations.\ntools/fixer/tsserver_fix.ts(5,16): error TS2307: Cannot find module 'typescript' or its corresponding type declarations.\ntools/fixer/tsserver_fix.ts(10,10): error TS7006: Parameter 'f' implicitly has an 'any' type.\ntools/fixer/tsserver_fix.ts(13,40): error TS2580: Cannot find name 'process'. Do you need to install type definitions for node? Try `npm i --save-dev @types/node`.\ntools/fixer/tsserver_fix.ts(15,64): error TS2580: Cannot find name 'process'. Do you need to install type definitions for node? Try `npm i --save-dev @types/node`.\ntools/fixer/tsserver_fix.ts(20,25): error TS7006: Parameter 'fileName' implicitly has an 'any' type.\ntools/fixer/tsserver_fix.ts(24,32): error TS2580: Cannot find name 'process'. Do you need to install type definitions for node? Try `npm i --save-dev @types/node`.\ntools/fixer/tsserver_fix.ts(25,29): error TS7006: Parameter 'opts' implicitly has an 'any' type.\ntools/fixer/tsserver_fix.ts(63,81): error TS7006: Parameter 'x' implicitly has an 'any' type.\ntools/fixer/tsserver_fix.ts(80,39): error TS2580: Cannot find name 'process'. Do you need to install type definitions for node? Try `npm i --save-dev @types/node`.\n\n    at createTSError (/Users/wilsonarim/.npm/_npx/1bf7c3c15bf47d04/node_modules/ts-node/src/index.ts:859:12)\n    at reportTSError (/Users/wilsonarim/.npm/_npx/1bf7c3c15bf47d04/node_modules/ts-node/src/index.ts:863:19)\n    at getOutput (/Users/wilsonarim/.npm/_npx/1bf7c3c15bf47d04/node_modules/ts-node/src/index.ts:1077:36)\n    at Object.compile (/Users/wilsonarim/.npm/_npx/1bf7c3c15bf47d04/node_modules/ts-node/src/index.ts:1433:41)\n    at Module.m._compile (/Users/wilsonarim/.npm/_npx/1bf7c3c15bf47d04/node_modules/ts-node/src/index.ts:1617:30)\n    at node:internal/modules/cjs/loader:1820:10\n    at Object.require.extensions.<computed> [as .ts] (/Users/wilsonarim/.npm/_npx/1bf7c3c15bf47d04/node_modules/ts-node/src/index.ts:1621:12)\n    at Module.load (node:internal/modules/cjs/loader:1423:32)\n    at Function._load (node:internal/modules/cjs/loader:1246:12)\n    at TracingChannel.traceSync (node:diagnostics_channel:322:14) {\n  diagnosticCodes: [\n    2307, 2307, 2307,\n    2307, 7006, 2580,\n    2580, 7006, 2580,\n    7006, 7006, 2580\n  ]\n}\n\nOops! Something went wrong! :(\n\nESLint: 9.34.0\n\nError [ERR_MODULE_NOT_FOUND]: Cannot find package '@eslint/js' imported from /private/var/folders/_d/v8m97bns3sj8l9tn_x1n12b00000gn/T/tmpztpfj480/eslint.config.js\n    at Object.getPackageJSONURL (node:internal/modules/package_json_reader:255:9)\n    at packageResolve (node:internal/modules/esm/resolve:767:81)\n    at moduleResolve (node:internal/modules/esm/resolve:853:18)\n    at defaultResolve (node:internal/modules/esm/resolve:983:11)\n    at ModuleLoader.defaultResolve (node:internal/modules/esm/loader:783:12)\n    at #cachedDefaultResolve (node:internal/modules/esm/loader:707:25)\n    at ModuleLoader.resolve (node:internal/modules/esm/loader:690:38)\n    at ModuleLoader.getModuleJobForImport (node:internal/modules/esm/loader:307:38)\n    at ModuleJob._link (node:internal/modules/esm/module_job:183:49)\n/Users/wilsonarim/.local/pipx/venvs/semgrep/lib/python3.13/site-packages/opentelemetry/instrumentation/dependencies.py:4: UserWarning: pkg_resources is deprecated as an API. See https://setuptools.pypa.io/en/latest/pkg_resources.html. The pkg_resources package is slated for removal as early as 2025-11-30. Refrain from using this package or pin to Setuptools<81.\n  from pkg_resources import (\n               \n               \n\u250c\u2500\u2500\u2500\u2500\u2500\u2500\u2500\u2500\u2500\u2500\u2500\u2500\u2500\u2510\n\u2502 Scan Status \u2502\n\u2514\u2500\u2500\u2500\u2500\u2500\u2500\u2500\u2500\u2500\u2500\u2500\u2500\u2500\u2518\n  Scanning 21 files tracked by git with 2 Code rules:\n                                                                                                                        \n  Language   Rules   Files          Origin   Rules                                                                      \n \u2500\u2500\u2500\u2500\u2500\u2500\u2500\u2500\u2500\u2500\u2500\u2500\u2500\u2500\u2500\u2500\u2500\u2500\u2500\u2500\u2500\u2500\u2500\u2500\u2500\u2500        \u2500\u2500\u2500\u2500\u2500\u2500\u2500\u2500\u2500\u2500\u2500\u2500\u2500\u2500\u2500\u2500                                                                     \n  ts             2       7          Custom       2                                                                      \n  js             2       1                                                                                              \n                                                                                                                        \n[ERROR] Rule parse error in rule tools.semgrep.ts-missing-react-import:\n Invalid pattern for JavaScript: Stdlib.Parsing.Parse_error\n----- pattern -----\nexport default function $COMP($ARGS...) { ... }\n\n----- end pattern -----\n\nno files modified.\n                \n                \n\u250c\u2500\u2500\u2500\u2500\u2500\u2500\u2500\u2500\u2500\u2500\u2500\u2500\u2500\u2500\u2510\n\u2502 Scan Summary \u2502\n\u2514\u2500\u2500\u2500\u2500\u2500\u2500\u2500\u2500\u2500\u2500\u2500\u2500\u2500\u2500\u2518\n\u2705 Scan completed successfully.\n \u2022 Findings: 0 (0 blocking)\n \u2022 Rules run: 2\n \u2022 Targets scanned: 8\n \u2022 Parsed lines: ~100.0%\n \u2022 No ignore information available\nRan 2 rules on 8 files: 0 findings.\n/Users/wilsonarim/.local/pipx/venvs/semgrep/lib/python3.13/site-packages/opentelemetry/instrumentation/dependencies.py:4: UserWarning: pkg_resources is deprecated as an API. See https://setuptools.pypa.io/en/latest/pkg_resources.html. The pkg_resources package is slated for removal as early as 2025-11-30. Refrain from using this package or pin to Setuptools<81.\n  from pkg_resources import (\n               \n               \n\u250c\u2500\u2500\u2500\u2500\u2500\u2500\u2500\u2500\u2500\u2500\u2500\u2500\u2500\u2510\n\u2502 Scan Status \u2502\n\u2514\u2500\u2500\u2500\u2500\u2500\u2500\u2500\u2500\u2500\u2500\u2500\u2500\u2500\u2518\n  Scanning 21 files tracked by git with 1 Code rule:\n  Scanning 5 files.\nno files modified.\n                \n                \n\u250c\u2500\u2500\u2500\u2500\u2500\u2500\u2500\u2500\u2500\u2500\u2500\u2500\u2500\u2500\u2510\n\u2502 Scan Summary \u2502\n\u2514\u2500\u2500\u2500\u2500\u2500\u2500\u2500\u2500\u2500\u2500\u2500\u2500\u2500\u2500\u2518\n\u2705 Scan completed successfully.\n \u2022 Findings: 0 (0 blocking)\n \u2022 Rules run: 1\n \u2022 Targets scanned: 5\n \u2022 Parsed lines: ~100.0%\n \u2022 No ignore information available\nRan 1 rule on 5 files: 0 findings.\nIf Semgrep missed a finding, please send us feedback to let us know!\nSee https://semgrep.dev/docs/reporting-false-negatives/\n/Users/wilsonarim/.npm/_npx/1bf7c3c15bf47d04/node_modules/ts-node/src/index.ts:859\n    return new TSError(diagnosticText, diagnosticCodes, diagnostics);\n           ^\nTSError: \u2a2f Unable to compile TypeScript:\ntools/codemods/tsmods.ts(1,21): error TS2307: Cannot find module 'fs' or its corresponding type declarations.\ntools/codemods/tsmods.ts(3,37): error TS2307: Cannot find module 'ts-morph' or its corresponding type declarations.\ntools/codemods/tsmods.ts(13,59): error TS7006: Parameter 'i' implicitly has an 'any' type.\ntools/codemods/tsmods.ts(26,39): error TS7006: Parameter 'imp' implicitly has an 'any' type.\ntools/codemods/tsmods.ts(27,23): error TS7006: Parameter 'imp' implicitly has an 'any' type.\ntools/codemods/tsmods.ts(58,35): error TS2580: Cannot find name 'process'. Do you need to install type definitions for node? Try `npm i --save-dev @types/node`.\ntools/codemods/tsmods.ts(59,17): error TS2580: Cannot find name 'process'. Do you need to install type definitions for node? Try `npm i --save-dev @types/node`.\ntools/codemods/tsmods.ts(61,69): error TS7006: Parameter 'f' implicitly has an 'any' type.\n\n    at createTSError (/Users/wilsonarim/.npm/_npx/1bf7c3c15bf47d04/node_modules/ts-node/src/index.ts:859:12)\n    at reportTSError (/Users/wilsonarim/.npm/_npx/1bf7c3c15bf47d04/node_modules/ts-node/src/index.ts:863:19)\n    at getOutput (/Users/wilsonarim/.npm/_npx/1bf7c3c15bf47d04/node_modules/ts-node/src/index.ts:1077:36)\n    at Object.compile (/Users/wilsonarim/.npm/_npx/1bf7c3c15bf47d04/node_modules/ts-node/src/index.ts:1433:41)\n    at Module.m._compile (/Users/wilsonarim/.npm/_npx/1bf7c3c15bf47d04/node_modules/ts-node/src/index.ts:1617:30)\n    at node:internal/modules/cjs/loader:1820:10\n    at Object.require.extensions.<computed> [as .ts] (/Users/wilsonarim/.npm/_npx/1bf7c3c15bf47d04/node_modules/ts-node/src/index.ts:1621:12)\n    at Module.load (node:internal/modules/cjs/loader:1423:32)\n    at Function._load (node:internal/modules/cjs/loader:1246:12)\n    at TracingChannel.traceSync (node:diagnostics_channel:322:14) {\n  diagnosticCodes: [\n    2307, 2307, 7006,\n    7006, 7006, 2580,\n    2580, 7006\n  ]\n}\n"
    }
  ]
}